<?xml version="1.0" encoding="UTF-8"?>
<!-- Generated by org.testng.reporters.JUnitReportReporter -->
<testsuite hostname="Tokyos-Air" failures="0" tests="2" name="TestRunner.TestRunner" time="51.232" errors="0" timestamp="8 Feb 2024 07:03:52 GMT">
  <testcase classname="TestRunner.TestRunner" name="searchHotelTest" time="26.662"/>
  <testcase classname="TestRunner.TestRunner" name="searchHotelTest" time="24.570"/>
</testsuite> <!-- TestRunner.TestRunner -->
