<?xml version="1.0" encoding="UTF-8"?>
<!-- Generated by org.testng.reporters.JUnitReportReporter -->
<testsuite hostname="Tokyos-MacBook-Air.local" failures="0" tests="1" name="com.sts.web.TestRunner.TestRunner" time="68.705" errors="0" timestamp="22 Feb 2024 17:58:27 GMT">
  <testcase classname="com.sts.web.TestRunner.TestRunner" name="searchHotelTest" time="68.705"/>
</testsuite> <!-- com.sts.web.TestRunner.TestRunner -->
