<?xml version="1.0" encoding="UTF-8"?>
<!-- Generated by org.testng.reporters.JUnitReportReporter -->
<testsuite hostname="Tokyos-Air" failures="0" tests="1" name="com.sts.api.runnerClass.ApiRunner" time="17.316" errors="0" timestamp="22 Feb 2024 14:54:57 GMT">
  <testcase classname="com.sts.api.runnerClass.ApiRunner" name="OrderPetRunner" time="17.316"/>
</testsuite> <!-- com.sts.api.runnerClass.ApiRunner -->
