<?xml version="1.0" encoding="UTF-8"?>
<!-- Generated by org.testng.reporters.JUnitReportReporter -->
<testsuite hostname="Tokyos-Air" failures="0" tests="1" name="com.sts.api.runnerClass.ApiRunner" time="3.851" errors="0" timestamp="14 Mar 2024 07:02:43 GMT">
  <testcase classname="com.sts.api.runnerClass.ApiRunner" name="OrderPetRunner" time="3.851"/>
</testsuite> <!-- com.sts.api.runnerClass.ApiRunner -->
