<?xml version="1.0" encoding="UTF-8"?>
<!-- Generated by org.testng.reporters.JUnitReportReporter -->
<testsuite hostname="Tokyos-Air" failures="0" tests="2" name="TestRunner.TestRunner" time="48.237" errors="0" timestamp="8 Feb 2024 07:05:48 GMT">
  <testcase classname="TestRunner.TestRunner" name="searchHotelTest" time="23.002"/>
  <testcase classname="TestRunner.TestRunner" name="searchHotelTest" time="25.235"/>
</testsuite> <!-- TestRunner.TestRunner -->
