<?xml version="1.0" encoding="UTF-8"?>
<!-- Generated by org.testng.reporters.JUnitReportReporter -->
<testsuite hostname="Tokyos-MacBook-Air.local" failures="0" tests="1" name="TestRunner.TestRunner" time="25.480" errors="0" timestamp="14 Dec 2023 06:23:07 GMT">
  <testcase classname="TestRunner.TestRunner" name="SearchHoltel" time="25.480"/>
</testsuite> <!-- TestRunner.TestRunner -->
