<?xml version="1.0" encoding="UTF-8"?>
<!-- Generated by org.testng.reporters.JUnitReportReporter -->
<testsuite hostname="Tokyos-MacBook-Air.local" failures="0" tests="1" name="com.sts.api.runnerClass.ApiRunner" time="17.980" errors="0" timestamp="21 Feb 2024 08:04:25 GMT">
  <testcase classname="com.sts.api.runnerClass.ApiRunner" name="OrderPetRunner" time="17.980"/>
</testsuite> <!-- com.sts.api.runnerClass.ApiRunner -->
